<?xml version="1.0" encoding="UTF-8"?>
<!-- Generated by org.testng.reporters.JUnitReportReporter -->
<testsuite skipped="0" hostname="jaragon-pk" name="tests.Tests" tests="2" failures="0" timestamp="2021-09-14T22:27:14 CDT" time="51.112" errors="0">
  <testcase name="testOne" time="25.195" classname="tests.Tests"/>
  <system-out/>
  <testcase name="testTwo" time="25.917" classname="tests.Tests"/>
  <system-out/>
</testsuite> <!-- tests.Tests -->
